<?xml version="1.0" encoding="UTF-8"?>
<testsuite name="CubeTest" tests="1" skipped="0" failures="0" errors="0" timestamp="2015-08-18T22:20:57" hostname="epicodus-106.local" time="0.0">
  <properties/>
  <testcase name="volume_determinesTheVolumeOfTheCube_27000" classname="CubeTest" time="0.0"/>
  <system-out><![CDATA[]]></system-out>
  <system-err><![CDATA[]]></system-err>
</testsuite>
